[Android_Pixel_2 INFO ] 2020-12-06 10:05:22.945 ServerManager:22 - starting appium server
[Android_Pixel_2 INFO ] 2020-12-06 10:05:24.348 ServerManager:31 - Appium server started
[Android_Pixel_2 INFO ] 2020-12-06 10:05:24.365 DriverManager:30 - initializing Appium driver
[Android_Pixel_2 INFO ] 2020-12-06 10:05:24.380 PropertyManager:17 - loading config properties
[Android_Pixel_2 INFO ] 2020-12-06 10:05:24.381 CapabilitiesManager:18 - getting capabilities
[Android_Pixel_2 INFO ] 2020-12-06 10:05:24.383 CapabilitiesManager:33 - appUrl is/Users/meralgulap/IdeaProjects/MobileAutomation_6/src/test/resources/apps/Nutshell.apk
[Android_Pixel_2 INFO ] 2020-12-06 10:19:52.044 ServerManager:22 - starting appium server
[Android_Pixel_2 INFO ] 2020-12-06 10:19:53.439 ServerManager:31 - Appium server started
[Android_Pixel_2 INFO ] 2020-12-06 10:19:53.460 DriverManager:30 - initializing Appium driver
[Android_Pixel_2 INFO ] 2020-12-06 10:19:53.474 PropertyManager:17 - loading config properties
[Android_Pixel_2 INFO ] 2020-12-06 10:19:53.475 CapabilitiesManager:18 - getting capabilities
[Android_Pixel_2 INFO ] 2020-12-06 10:19:53.477 CapabilitiesManager:33 - appUrl is/Users/meralgulap/IdeaProjects/MobileAutomation_6/src/test/resources/apps/Nutshell.apk
[Android_Pixel_2 INFO ] 2020-12-06 10:19:59.394 DriverManager:42 - Driver is initialized
[Android_Pixel_2 INFO ] 2020-12-06 10:20:18.194 BasePage:56 - close
[Android_Pixel_2 INFO ] 2020-12-06 10:20:18.831 BasePage:56 - meral
[Android_Pixel_2 INFO ] 2020-12-06 10:21:48.930 ServerManager:22 - starting appium server
[Android_Pixel_2 INFO ] 2020-12-06 10:21:49.657 ServerManager:31 - Appium server started
[Android_Pixel_2 INFO ] 2020-12-06 10:21:49.677 DriverManager:30 - initializing Appium driver
[Android_Pixel_2 INFO ] 2020-12-06 10:21:49.690 PropertyManager:17 - loading config properties
[Android_Pixel_2 INFO ] 2020-12-06 10:21:49.690 CapabilitiesManager:18 - getting capabilities
[Android_Pixel_2 INFO ] 2020-12-06 10:21:49.692 CapabilitiesManager:33 - appUrl is/Users/meralgulap/IdeaProjects/MobileAutomation_6/src/test/resources/apps/Nutshell.apk
[Android_Pixel_2 INFO ] 2020-12-06 10:23:32.714 ServerManager:22 - starting appium server
[Android_Pixel_2 INFO ] 2020-12-06 10:23:34.408 ServerManager:31 - Appium server started
[Android_Pixel_2 INFO ] 2020-12-06 10:23:34.427 DriverManager:30 - initializing Appium driver
[Android_Pixel_2 INFO ] 2020-12-06 10:23:34.439 PropertyManager:17 - loading config properties
[Android_Pixel_2 INFO ] 2020-12-06 10:23:34.440 CapabilitiesManager:18 - getting capabilities
[Android_Pixel_2 INFO ] 2020-12-06 10:23:34.442 CapabilitiesManager:33 - appUrl is/Users/meralgulap/IdeaProjects/MobileAutomation_6/src/test/resources/apps/Nutshell.apk
[Android_Pixel_2 INFO ] 2020-12-06 10:23:41.270 DriverManager:42 - Driver is initialized
[Android_Pixel_2 INFO ] 2020-12-06 10:24:00.167 BasePage:56 - close
[Android_Pixel_2 INFO ] 2020-12-06 10:24:00.821 BasePage:56 - meral
[Android_Pixel_2 INFO ] 2020-12-06 11:21:07.483 ServerManager:22 - starting appium server
[Android_Pixel_2 INFO ] 2020-12-06 11:21:08.898 ServerManager:31 - Appium server started
[Android_Pixel_2 INFO ] 2020-12-06 11:21:08.921 DriverManager:30 - initializing Appium driver
[Android_Pixel_2 INFO ] 2020-12-06 11:21:08.938 PropertyManager:17 - loading config properties
[Android_Pixel_2 INFO ] 2020-12-06 11:21:08.939 CapabilitiesManager:18 - getting capabilities
[Android_Pixel_2 INFO ] 2020-12-06 11:21:08.941 CapabilitiesManager:33 - appUrl is/Users/meralgulap/IdeaProjects/MobileAutomation_6/src/test/resources/apps/Nutshell.apk
[Android_Pixel_2 INFO ] 2020-12-06 11:21:16.929 DriverManager:42 - Driver is initialized
[Android_Pixel_2 INFO ] 2020-12-06 11:21:35.669 BasePage:56 - close
[Android_Pixel_2 INFO ] 2020-12-06 11:21:36.325 BasePage:56 - meral
[Android_Pixel_2 INFO ] 2020-12-06 12:05:32.862 DriverManager:31 - initializing Appium driver
[Android_Pixel_2 INFO ] 2020-12-06 12:05:32.904 PropertyManager:17 - loading config properties
[Android_Pixel_2 INFO ] 2020-12-06 12:05:32.905 CapabilitiesManager:18 - getting capabilities
[Android_Pixel_2 INFO ] 2020-12-06 12:05:32.907 CapabilitiesManager:33 - appUrl is/Users/meralgulap/IdeaProjects/MobileAutomation_6/src/test/resources/apps/Nutshell.apk
[Android_Pixel_2 INFO ] 2020-12-06 12:05:45.301 DriverManager:45 - Driver is initialized
[Android_Pixel_2 INFO ] 2020-12-06 12:17:37.449 ServerManager:22 - starting appium server
[Android_Pixel_2 INFO ] 2020-12-06 12:17:38.530 ServerManager:31 - Appium server started
[Android_Pixel_2 INFO ] 2020-12-06 12:17:38.551 DriverManager:31 - initializing Appium driver
[Android_Pixel_2 INFO ] 2020-12-06 12:17:38.565 PropertyManager:17 - loading config properties
[Android_Pixel_2 INFO ] 2020-12-06 12:17:38.566 CapabilitiesManager:18 - getting capabilities
[Android_Pixel_2 INFO ] 2020-12-06 12:17:38.568 CapabilitiesManager:33 - appUrl is/Users/meralgulap/IdeaProjects/MobileAutomation_6/src/test/resources/apps/Nutshell.apk
[Android_Pixel_2 INFO ] 2020-12-06 12:18:25.272 ServerManager:22 - starting appium server
[Android_Pixel_2 INFO ] 2020-12-06 12:18:26.345 ServerManager:31 - Appium server started
[Android_Pixel_2 INFO ] 2020-12-06 12:18:26.364 DriverManager:31 - initializing Appium driver
[Android_Pixel_2 INFO ] 2020-12-06 12:18:26.377 PropertyManager:17 - loading config properties
[Android_Pixel_2 INFO ] 2020-12-06 12:18:26.378 CapabilitiesManager:18 - getting capabilities
[Android_Pixel_2 INFO ] 2020-12-06 12:18:26.380 CapabilitiesManager:33 - appUrl is/Users/meralgulap/IdeaProjects/MobileAutomation_6/src/test/resources/apps/Nutshell.apk
[Android_Pixel_2 INFO ] 2020-12-06 12:28:17.105 ServerManager:22 - starting appium server
[Android_Pixel_2 INFO ] 2020-12-06 12:28:17.830 ServerManager:31 - Appium server started
[Android_Pixel_2 INFO ] 2020-12-06 12:28:17.846 DriverManager:31 - initializing Appium driver
[Android_Pixel_2 INFO ] 2020-12-06 12:28:17.857 PropertyManager:17 - loading config properties
[Android_Pixel_2 INFO ] 2020-12-06 12:28:17.858 CapabilitiesManager:18 - getting capabilities
[Android_Pixel_2 INFO ] 2020-12-06 12:28:17.860 CapabilitiesManager:33 - appUrl is/Users/meralgulap/IdeaProjects/MobileAutomation_6/src/test/resources/apps/Nutshell.apk
[Android_Pixel_2 INFO ] 2020-12-06 12:29:11.835 ServerManager:22 - starting appium server
[Android_Pixel_2 INFO ] 2020-12-06 12:29:12.552 ServerManager:31 - Appium server started
[Android_Pixel_2 INFO ] 2020-12-06 12:29:12.569 DriverManager:31 - initializing Appium driver
[Android_Pixel_2 INFO ] 2020-12-06 12:29:12.582 PropertyManager:17 - loading config properties
[Android_Pixel_2 INFO ] 2020-12-06 12:29:12.583 CapabilitiesManager:18 - getting capabilities
[Android_Pixel_2 INFO ] 2020-12-06 12:29:12.584 CapabilitiesManager:33 - appUrl is/Users/meralgulap/IdeaProjects/MobileAutomation_6/src/test/resources/apps/Nutshell.apk
[Android_Pixel_2 INFO ] 2020-12-06 14:39:09.340 ServerManager:22 - starting appium server
[Android_Pixel_2 INFO ] 2020-12-06 14:39:11.104 ServerManager:31 - Appium server started
[Android_Pixel_2 INFO ] 2020-12-06 14:39:11.133 DriverManager:31 - initializing Appium driver
[Android_Pixel_2 INFO ] 2020-12-06 14:39:11.151 PropertyManager:17 - loading config properties
[Android_Pixel_2 INFO ] 2020-12-06 14:39:11.152 CapabilitiesManager:18 - getting capabilities
[Android_Pixel_2 INFO ] 2020-12-06 14:39:11.154 CapabilitiesManager:33 - appUrl is/Users/meralgulap/IdeaProjects/MobileAutomation_6/src/test/resources/apps/Nutshell.apk
