[Android_Pixel 3a XL API 30 INFO ] 2020-12-06 14:49:02.335 ServerManager:22 - starting appium server
[Android_Pixel 3a XL API 30 INFO ] 2020-12-06 14:49:03.748 ServerManager:31 - Appium server started
[Android_Pixel 3a XL API 30 INFO ] 2020-12-06 14:49:03.773 DriverManager:31 - initializing Appium driver
[Android_Pixel 3a XL API 30 INFO ] 2020-12-06 14:49:03.789 PropertyManager:17 - loading config properties
[Android_Pixel 3a XL API 30 INFO ] 2020-12-06 14:49:03.790 CapabilitiesManager:18 - getting capabilities
[Android_Pixel 3a XL API 30 INFO ] 2020-12-06 14:49:03.792 CapabilitiesManager:33 - appUrl is/Users/meralgulap/IdeaProjects/MobileAutomation_6/src/test/resources/apps/Nutshell.apk
[Android_Pixel 3a XL API 30 INFO ] 2020-12-06 14:54:42.877 ServerManager:22 - starting appium server
[Android_Pixel 3a XL API 30 INFO ] 2020-12-06 14:54:44.293 ServerManager:31 - Appium server started
[Android_Pixel 3a XL API 30 INFO ] 2020-12-06 14:54:44.317 DriverManager:31 - initializing Appium driver
[Android_Pixel 3a XL API 30 INFO ] 2020-12-06 14:54:44.330 PropertyManager:17 - loading config properties
[Android_Pixel 3a XL API 30 INFO ] 2020-12-06 14:54:44.332 CapabilitiesManager:18 - getting capabilities
[Android_Pixel 3a XL API 30 INFO ] 2020-12-06 14:54:44.333 CapabilitiesManager:34 - appUrl is/Users/meralgulap/IdeaProjects/MobileAutomation_6/src/test/resources/apps/Nutshell.apk
[Android_Pixel 3a XL API 30 INFO ] 2020-12-06 14:55:43.918 ServerManager:22 - starting appium server
[Android_Pixel 3a XL API 30 INFO ] 2020-12-06 14:55:45.347 ServerManager:31 - Appium server started
[Android_Pixel 3a XL API 30 INFO ] 2020-12-06 14:55:45.374 DriverManager:31 - initializing Appium driver
[Android_Pixel 3a XL API 30 INFO ] 2020-12-06 14:55:45.390 PropertyManager:17 - loading config properties
[Android_Pixel 3a XL API 30 INFO ] 2020-12-06 14:55:45.391 CapabilitiesManager:18 - getting capabilities
[Android_Pixel 3a XL API 30 INFO ] 2020-12-06 14:55:45.398 CapabilitiesManager:34 - appUrl is/Users/meralgulap/IdeaProjects/MobileAutomation_6/src/test/resources/apps/Nutshell.apk
[Android_Pixel 3a XL API 30 INFO ] 2020-12-06 14:57:25.691 ServerManager:22 - starting appium server
[Android_Pixel 3a XL API 30 INFO ] 2020-12-06 14:57:26.757 ServerManager:31 - Appium server started
[Android_Pixel 3a XL API 30 INFO ] 2020-12-06 14:57:26.775 DriverManager:31 - initializing Appium driver
[Android_Pixel 3a XL API 30 INFO ] 2020-12-06 14:57:26.788 PropertyManager:17 - loading config properties
[Android_Pixel 3a XL API 30 INFO ] 2020-12-06 14:57:26.789 CapabilitiesManager:18 - getting capabilities
[Android_Pixel 3a XL API 30 INFO ] 2020-12-06 14:57:26.791 CapabilitiesManager:34 - appUrl is/Users/meralgulap/IdeaProjects/MobileAutomation_6/src/test/resources/apps/Nutshell.apk
[Android_Pixel 3a XL API 30 INFO ] 2020-12-06 14:57:54.261 ServerManager:22 - starting appium server
[Android_Pixel 3a XL API 30 INFO ] 2020-12-06 14:57:55.325 ServerManager:31 - Appium server started
[Android_Pixel 3a XL API 30 INFO ] 2020-12-06 14:57:55.344 DriverManager:31 - initializing Appium driver
[Android_Pixel 3a XL API 30 INFO ] 2020-12-06 14:57:55.358 PropertyManager:17 - loading config properties
[Android_Pixel 3a XL API 30 INFO ] 2020-12-06 14:57:55.359 CapabilitiesManager:18 - getting capabilities
[Android_Pixel 3a XL API 30 INFO ] 2020-12-06 14:57:55.361 CapabilitiesManager:34 - appUrl is/Users/meralgulap/IdeaProjects/MobileAutomation_6/src/test/resources/apps/Nutshell.apk
[Android_Pixel 3a XL API 30 INFO ] 2020-12-06 14:59:46.818 ServerManager:22 - starting appium server
[Android_Pixel 3a XL API 30 INFO ] 2020-12-06 14:59:47.879 ServerManager:31 - Appium server started
[Android_Pixel 3a XL API 30 INFO ] 2020-12-06 14:59:47.900 DriverManager:31 - initializing Appium driver
[Android_Pixel 3a XL API 30 INFO ] 2020-12-06 14:59:47.913 PropertyManager:17 - loading config properties
[Android_Pixel 3a XL API 30 INFO ] 2020-12-06 14:59:47.914 CapabilitiesManager:18 - getting capabilities
[Android_Pixel 3a XL API 30 INFO ] 2020-12-06 14:59:47.916 CapabilitiesManager:34 - appUrl is/Users/meralgulap/IdeaProjects/MobileAutomation_6/src/test/resources/apps/Nutshell.apk
[Android_Pixel 3a XL API 30 INFO ] 2020-12-06 15:09:01.572 ServerManager:22 - starting appium server
[Android_Pixel 3a XL API 30 INFO ] 2020-12-06 15:09:02.637 ServerManager:31 - Appium server started
[Android_Pixel 3a XL API 30 INFO ] 2020-12-06 15:09:02.655 DriverManager:32 - initializing Appium driver
[Android_Pixel 3a XL API 30 INFO ] 2020-12-06 15:09:08.674 PropertyManager:17 - loading config properties
[Android_Pixel 3a XL API 30 INFO ] 2020-12-06 15:09:08.676 CapabilitiesManager:18 - getting capabilities
[Android_Pixel 3a XL API 30 INFO ] 2020-12-06 15:09:08.677 CapabilitiesManager:34 - appUrl is/Users/meralgulap/IdeaProjects/MobileAutomation_6/src/test/resources/apps/Nutshell.apk
[Android_Pixel 3a XL API 30 INFO ] 2020-12-06 15:11:16.755 ServerManager:22 - starting appium server
[Android_Pixel 3a XL API 30 INFO ] 2020-12-06 15:11:17.829 ServerManager:31 - Appium server started
[Android_Pixel 3a XL API 30 INFO ] 2020-12-06 15:11:17.847 DriverManager:33 - initializing Appium driver
[Android_Pixel 3a XL API 30 INFO ] 2020-12-06 15:11:18.062 PropertyManager:17 - loading config properties
[Android_Pixel 3a XL API 30 INFO ] 2020-12-06 15:11:18.064 CapabilitiesManager:18 - getting capabilities
[Android_Pixel 3a XL API 30 INFO ] 2020-12-06 15:11:18.065 CapabilitiesManager:34 - appUrl is/Users/meralgulap/IdeaProjects/MobileAutomation_6/src/test/resources/apps/Nutshell.apk
[Android_Pixel 3a XL API 30 INFO ] 2020-12-06 15:13:21.044 ServerManager:24 - starting appium server
[Android_Pixel 3a XL API 30 INFO ] 2020-12-06 15:13:22.350 ServerManager:33 - Appium server started
[Android_Pixel 3a XL API 30 INFO ] 2020-12-06 15:13:22.368 DriverManager:33 - initializing Appium driver
[Android_Pixel 3a XL API 30 INFO ] 2020-12-06 15:13:22.381 PropertyManager:17 - loading config properties
[Android_Pixel 3a XL API 30 INFO ] 2020-12-06 15:13:22.382 CapabilitiesManager:18 - getting capabilities
[Android_Pixel 3a XL API 30 INFO ] 2020-12-06 15:13:22.383 CapabilitiesManager:34 - appUrl is/Users/meralgulap/IdeaProjects/MobileAutomation_6/src/test/resources/apps/Nutshell.apk
