[iOS_iPhone 8 Plus INFO ] 2020-12-08 11:12:10.808 ServerManager:24 - starting appium server
[iOS_iPhone 8 Plus INFO ] 2020-12-08 11:12:12.544 ServerManager:33 - Appium server started
[iOS_iPhone 8 Plus INFO ] 2020-12-08 11:12:12.561 DriverManager:33 - initializing Appium driver
[iOS_iPhone 8 Plus INFO ] 2020-12-08 11:12:12.575 PropertyManager:17 - loading config properties
[iOS_iPhone 8 Plus INFO ] 2020-12-08 11:12:12.576 CapabilitiesManager:18 - getting capabilities
[iOS_iPhone 8 Plus INFO ] 2020-12-08 11:12:12.578 CapabilitiesManager:45 - appUrl is/Users/meralgulap/IdeaProjects/mobile-test-automation/src/test/resources/apps/NutshellAppsSim.app
[iOS_iPhone 8 Plus INFO ] 2020-12-08 11:13:02.747 DriverManager:50 - Driver is initialized
[iOS_iPhone 8 Plus INFO ] 2020-12-08 11:13:40.998 BasePage:82 - close
[iOS_iPhone 8 Plus INFO ] 2020-12-08 11:14:54.710 ServerManager:24 - starting appium server
[iOS_iPhone 8 Plus INFO ] 2020-12-08 11:14:56.104 ServerManager:33 - Appium server started
[iOS_iPhone 8 Plus INFO ] 2020-12-08 11:14:56.123 DriverManager:33 - initializing Appium driver
[iOS_iPhone 8 Plus INFO ] 2020-12-08 11:14:56.137 PropertyManager:17 - loading config properties
[iOS_iPhone 8 Plus INFO ] 2020-12-08 11:14:56.138 CapabilitiesManager:18 - getting capabilities
[iOS_iPhone 8 Plus INFO ] 2020-12-08 11:14:56.139 CapabilitiesManager:45 - appUrl is/Users/meralgulap/IdeaProjects/mobile-test-automation/src/test/resources/apps/NutshellAppsSim.app
[iOS_iPhone 8 Plus INFO ] 2020-12-08 11:15:03.141 DriverManager:50 - Driver is initialized
[iOS_iPhone 8 Plus INFO ] 2020-12-08 11:15:40.302 BasePage:82 - close
[iOS_iPhone 8 Plus INFO ] 2020-12-08 11:17:53.578 ServerManager:24 - starting appium server
[iOS_iPhone 8 Plus INFO ] 2020-12-08 11:17:54.954 ServerManager:33 - Appium server started
[iOS_iPhone 8 Plus INFO ] 2020-12-08 11:17:54.972 DriverManager:33 - initializing Appium driver
[iOS_iPhone 8 Plus INFO ] 2020-12-08 11:17:54.987 PropertyManager:17 - loading config properties
[iOS_iPhone 8 Plus INFO ] 2020-12-08 11:17:54.988 CapabilitiesManager:18 - getting capabilities
[iOS_iPhone 8 Plus INFO ] 2020-12-08 11:17:54.989 CapabilitiesManager:45 - appUrl is/Users/meralgulap/IdeaProjects/mobile-test-automation/src/test/resources/apps/NutshellAppsSim.app
[iOS_iPhone 8 Plus INFO ] 2020-12-08 11:18:02.074 DriverManager:50 - Driver is initialized
[iOS_iPhone 8 Plus INFO ] 2020-12-08 11:18:37.635 BasePage:82 - close
[iOS_iPhone 8 Plus INFO ] 2020-12-08 11:20:44.274 ServerManager:24 - starting appium server
[iOS_iPhone 8 Plus INFO ] 2020-12-08 11:20:45.659 ServerManager:33 - Appium server started
[iOS_iPhone 8 Plus INFO ] 2020-12-08 11:20:45.681 DriverManager:33 - initializing Appium driver
[iOS_iPhone 8 Plus INFO ] 2020-12-08 11:20:45.695 PropertyManager:17 - loading config properties
[iOS_iPhone 8 Plus INFO ] 2020-12-08 11:20:45.697 CapabilitiesManager:18 - getting capabilities
[iOS_iPhone 8 Plus INFO ] 2020-12-08 11:20:45.698 CapabilitiesManager:45 - appUrl is/Users/meralgulap/IdeaProjects/mobile-test-automation/src/test/resources/apps/NutshellAppsSim.app
[iOS_iPhone 8 Plus INFO ] 2020-12-08 11:20:52.599 DriverManager:50 - Driver is initialized
[iOS_iPhone 8 Plus INFO ] 2020-12-08 11:21:25.866 BasePage:82 - close
