[iOS_iPhone 8 Plus INFO ] 2020-12-11 09:17:36.650 ServerManager:24 - starting appium server
[iOS_iPhone 8 Plus INFO ] 2020-12-11 09:17:37.392 ServerManager:33 - Appium server started
[iOS_iPhone 8 Plus INFO ] 2020-12-11 09:17:37.411 DriverManager:33 - initializing Appium driver
[iOS_iPhone 8 Plus INFO ] 2020-12-11 09:17:37.424 PropertyManager:17 - loading config properties
[iOS_iPhone 8 Plus INFO ] 2020-12-11 09:17:37.425 CapabilitiesManager:18 - getting capabilities
[iOS_iPhone 8 Plus INFO ] 2020-12-11 09:17:37.427 CapabilitiesManager:43 - appUrl is/Users/meralgulap/IdeaProjects/mobile-test-automation/src/test/resources/apps/NutshellAppsSim.app
[iOS_iPhone 8 Plus INFO ] 2020-12-11 09:18:17.752 DriverManager:50 - Driver is initialized
[iOS_iPhone 8 Plus INFO ] 2020-12-11 09:19:32.259 BasePage:84 - close
[iOS_iPhone 8 Plus INFO ] 2020-12-11 09:23:57.118 ServerManager:24 - starting appium server
[iOS_iPhone 8 Plus INFO ] 2020-12-11 09:23:58.526 ServerManager:33 - Appium server started
[iOS_iPhone 8 Plus INFO ] 2020-12-11 09:23:58.552 DriverManager:33 - initializing Appium driver
[iOS_iPhone 8 Plus INFO ] 2020-12-11 09:23:58.569 PropertyManager:17 - loading config properties
[iOS_iPhone 8 Plus INFO ] 2020-12-11 09:23:58.571 CapabilitiesManager:18 - getting capabilities
[iOS_iPhone 8 Plus INFO ] 2020-12-11 09:23:58.573 CapabilitiesManager:43 - appUrl is/Users/meralgulap/IdeaProjects/mobile-test-automation/src/test/resources/apps/NutshellAppsSim.app
[iOS_iPhone 8 Plus INFO ] 2020-12-11 09:24:06.762 DriverManager:50 - Driver is initialized
[iOS_iPhone 8 Plus INFO ] 2020-12-11 09:24:40.623 BasePage:84 - close
[iOS_iPhone 8 Plus INFO ] 2020-12-11 11:52:26.292 ServerManager:24 - starting appium server
[iOS_iPhone 8 Plus INFO ] 2020-12-11 11:52:27.363 ServerManager:33 - Appium server started
[iOS_iPhone 8 Plus INFO ] 2020-12-11 11:52:27.385 DriverManager:33 - initializing Appium driver
[iOS_iPhone 8 Plus INFO ] 2020-12-11 11:52:27.400 PropertyManager:17 - loading config properties
[iOS_iPhone 8 Plus INFO ] 2020-12-11 11:52:27.402 CapabilitiesManager:18 - getting capabilities
[iOS_iPhone 8 Plus INFO ] 2020-12-11 11:52:27.403 CapabilitiesManager:43 - appUrl is/Users/meralgulap/IdeaProjects/mobile-test-automation/src/test/resources/apps/NutshellAppsSim.app
[iOS_iPhone 8 Plus INFO ] 2020-12-11 11:52:35.494 DriverManager:50 - Driver is initialized
[iOS_iPhone 8 Plus INFO ] 2020-12-11 11:53:09.209 BasePage:84 - close
[iOS_iPhone 8 Plus INFO ] 2020-12-11 11:54:48.216 ServerManager:24 - starting appium server
[iOS_iPhone 8 Plus INFO ] 2020-12-11 11:54:49.613 ServerManager:33 - Appium server started
[iOS_iPhone 8 Plus INFO ] 2020-12-11 11:54:49.633 DriverManager:33 - initializing Appium driver
[iOS_iPhone 8 Plus INFO ] 2020-12-11 11:54:49.650 PropertyManager:17 - loading config properties
[iOS_iPhone 8 Plus INFO ] 2020-12-11 11:54:49.652 CapabilitiesManager:18 - getting capabilities
[iOS_iPhone 8 Plus INFO ] 2020-12-11 11:54:49.653 CapabilitiesManager:43 - appUrl is/Users/meralgulap/IdeaProjects/mobile-test-automation/src/test/resources/apps/NutshellAppsSim.app
[iOS_iPhone 8 Plus INFO ] 2020-12-11 11:54:57.279 DriverManager:50 - Driver is initialized
[iOS_iPhone 8 Plus INFO ] 2020-12-11 11:55:30.998 BasePage:84 - close
