[Android_Pixel 3a XL API 30 INFO ] 2021-01-05 00:42:50.133 ServerManager:24 - starting appium server
[Android_Pixel 3a XL API 30 INFO ] 2021-01-05 00:42:51.855 ServerManager:33 - Appium server started
[Android_Pixel 3a XL API 30 INFO ] 2021-01-05 00:42:51.875 DriverManager:33 - initializing Appium driver
[Android_Pixel 3a XL API 30 INFO ] 2021-01-05 00:42:51.889 PropertyManager:17 - loading config properties
[Android_Pixel 3a XL API 30 INFO ] 2021-01-05 00:42:51.891 CapabilitiesManager:18 - getting capabilities
[Android_Pixel 3a XL API 30 INFO ] 2021-01-05 00:42:51.893 CapabilitiesManager:34 - appUrl is/Users/meralgulap/IdeaProjects/mobile-test-automation/src/test/resources/apps/Nutshell.apk
[Android_Pixel 3a XL API 30 INFO ] 2021-01-05 09:49:55.388 ServerManager:24 - starting appium server
[Android_Pixel 3a XL API 30 INFO ] 2021-01-05 09:49:57.126 ServerManager:33 - Appium server started
[Android_Pixel 3a XL API 30 INFO ] 2021-01-05 09:49:57.148 DriverManager:33 - initializing Appium driver
[Android_Pixel 3a XL API 30 INFO ] 2021-01-05 09:49:57.166 PropertyManager:17 - loading config properties
[Android_Pixel 3a XL API 30 INFO ] 2021-01-05 09:49:57.167 CapabilitiesManager:18 - getting capabilities
[Android_Pixel 3a XL API 30 INFO ] 2021-01-05 09:49:57.169 CapabilitiesManager:34 - appUrl is/Users/meralgulap/IdeaProjects/mobile-test-automation/src/test/resources/apps/Nutshell.apk
[Android_Pixel 3a XL API 30 INFO ] 2021-01-05 09:50:53.196 ServerManager:24 - starting appium server
[Android_Pixel 3a XL API 30 INFO ] 2021-01-05 09:50:54.583 ServerManager:33 - Appium server started
[Android_Pixel 3a XL API 30 INFO ] 2021-01-05 09:50:54.608 DriverManager:33 - initializing Appium driver
[Android_Pixel 3a XL API 30 INFO ] 2021-01-05 09:50:54.623 PropertyManager:17 - loading config properties
[Android_Pixel 3a XL API 30 INFO ] 2021-01-05 09:50:54.624 CapabilitiesManager:18 - getting capabilities
[Android_Pixel 3a XL API 30 INFO ] 2021-01-05 09:50:54.626 CapabilitiesManager:34 - appUrl is/Users/meralgulap/IdeaProjects/mobile-test-automation/src/test/resources/apps/Nutshell.apk
[Android_Pixel 3a XL API 30 INFO ] 2021-01-05 09:51:07.744 DriverManager:50 - Driver is initialized
[Android_Pixel 3a XL API 30 INFO ] 2021-01-05 11:04:33.194 ServerManager:24 - starting appium server
[Android_Pixel 3a XL API 30 INFO ] 2021-01-05 11:04:34.593 ServerManager:33 - Appium server started
[Android_Pixel 3a XL API 30 INFO ] 2021-01-05 11:04:34.618 DriverManager:33 - initializing Appium driver
[Android_Pixel 3a XL API 30 INFO ] 2021-01-05 11:04:34.632 PropertyManager:17 - loading config properties
[Android_Pixel 3a XL API 30 INFO ] 2021-01-05 11:04:34.633 CapabilitiesManager:18 - getting capabilities
[Android_Pixel 3a XL API 30 INFO ] 2021-01-05 11:04:34.635 CapabilitiesManager:34 - appUrl is/Users/meralgulap/IdeaProjects/mobile-test-automation/src/test/resources/apps/Nutshell.apk
[Android_Pixel 3a XL API 30 INFO ] 2021-01-05 11:05:02.538 ServerManager:24 - starting appium server
[Android_Pixel 3a XL API 30 INFO ] 2021-01-05 11:05:03.927 ServerManager:33 - Appium server started
[Android_Pixel 3a XL API 30 INFO ] 2021-01-05 11:05:03.951 DriverManager:33 - initializing Appium driver
[Android_Pixel 3a XL API 30 INFO ] 2021-01-05 11:05:03.965 PropertyManager:17 - loading config properties
[Android_Pixel 3a XL API 30 INFO ] 2021-01-05 11:05:03.966 CapabilitiesManager:18 - getting capabilities
[Android_Pixel 3a XL API 30 INFO ] 2021-01-05 11:05:03.968 CapabilitiesManager:34 - appUrl is/Users/meralgulap/IdeaProjects/mobile-test-automation/src/test/resources/apps/Nutshell.apk
[Android_Pixel 3a XL API 30 INFO ] 2021-01-05 11:05:10.682 DriverManager:50 - Driver is initialized
[Android_Pixel 3a XL API 30 INFO ] 2021-01-05 11:07:14.300 ServerManager:24 - starting appium server
[Android_Pixel 3a XL API 30 INFO ] 2021-01-05 11:07:15.694 ServerManager:33 - Appium server started
[Android_Pixel 3a XL API 30 INFO ] 2021-01-05 11:07:15.717 DriverManager:33 - initializing Appium driver
[Android_Pixel 3a XL API 30 INFO ] 2021-01-05 11:07:15.732 PropertyManager:17 - loading config properties
[Android_Pixel 3a XL API 30 INFO ] 2021-01-05 11:07:15.734 CapabilitiesManager:18 - getting capabilities
[Android_Pixel 3a XL API 30 INFO ] 2021-01-05 11:07:15.736 CapabilitiesManager:34 - appUrl is/Users/meralgulap/IdeaProjects/mobile-test-automation/src/test/resources/apps/Nutshell.apk
[Android_Pixel 3a XL API 30 INFO ] 2021-01-05 11:08:46.116 ServerManager:24 - starting appium server
[Android_Pixel 3a XL API 30 INFO ] 2021-01-05 11:08:47.167 ServerManager:33 - Appium server started
[Android_Pixel 3a XL API 30 INFO ] 2021-01-05 11:08:47.186 DriverManager:33 - initializing Appium driver
[Android_Pixel 3a XL API 30 INFO ] 2021-01-05 11:08:47.200 PropertyManager:17 - loading config properties
[Android_Pixel 3a XL API 30 INFO ] 2021-01-05 11:08:47.202 CapabilitiesManager:18 - getting capabilities
[Android_Pixel 3a XL API 30 INFO ] 2021-01-05 11:08:47.204 CapabilitiesManager:34 - appUrl is/Users/meralgulap/IdeaProjects/mobile-test-automation/src/test/resources/apps/Nutshell.apk
[Android_Pixel 3a XL API 30 INFO ] 2021-01-05 11:08:53.831 DriverManager:50 - Driver is initialized
[Android_Pixel 3a XL API 30 INFO ] 2021-01-05 11:10:58.768 ServerManager:24 - starting appium server
[Android_Pixel 3a XL API 30 INFO ] 2021-01-05 11:11:00.161 ServerManager:33 - Appium server started
[Android_Pixel 3a XL API 30 INFO ] 2021-01-05 11:11:00.184 DriverManager:33 - initializing Appium driver
[Android_Pixel 3a XL API 30 INFO ] 2021-01-05 11:11:00.198 PropertyManager:17 - loading config properties
[Android_Pixel 3a XL API 30 INFO ] 2021-01-05 11:11:00.200 CapabilitiesManager:18 - getting capabilities
[Android_Pixel 3a XL API 30 INFO ] 2021-01-05 11:11:00.202 CapabilitiesManager:34 - appUrl is/Users/meralgulap/IdeaProjects/mobile-test-automation/src/test/resources/apps/Nutshell.apk
[Android_Pixel 3a XL API 30 INFO ] 2021-01-05 11:11:23.715 ServerManager:24 - starting appium server
[Android_Pixel 3a XL API 30 INFO ] 2021-01-05 11:11:24.449 ServerManager:33 - Appium server started
[Android_Pixel 3a XL API 30 INFO ] 2021-01-05 11:11:24.468 DriverManager:33 - initializing Appium driver
[Android_Pixel 3a XL API 30 INFO ] 2021-01-05 11:11:24.480 PropertyManager:17 - loading config properties
[Android_Pixel 3a XL API 30 INFO ] 2021-01-05 11:11:24.481 CapabilitiesManager:18 - getting capabilities
[Android_Pixel 3a XL API 30 INFO ] 2021-01-05 11:11:24.483 CapabilitiesManager:34 - appUrl is/Users/meralgulap/IdeaProjects/mobile-test-automation/src/test/resources/apps/Nutshell.apk
[Android_Pixel 3a XL API 30 INFO ] 2021-01-05 11:11:30.921 DriverManager:50 - Driver is initialized
[Android_Pixel 3a XL API 30 INFO ] 2021-01-05 11:13:26.910 ServerManager:24 - starting appium server
[Android_Pixel 3a XL API 30 INFO ] 2021-01-05 11:13:28.292 ServerManager:33 - Appium server started
[Android_Pixel 3a XL API 30 INFO ] 2021-01-05 11:13:28.311 DriverManager:33 - initializing Appium driver
[Android_Pixel 3a XL API 30 INFO ] 2021-01-05 11:13:28.324 PropertyManager:17 - loading config properties
[Android_Pixel 3a XL API 30 INFO ] 2021-01-05 11:13:28.325 CapabilitiesManager:18 - getting capabilities
[Android_Pixel 3a XL API 30 INFO ] 2021-01-05 11:13:28.327 CapabilitiesManager:34 - appUrl is/Users/meralgulap/IdeaProjects/mobile-test-automation/src/test/resources/apps/Nutshell.apk
[Android_Pixel 3a XL API 30 INFO ] 2021-01-05 11:13:49.003 ServerManager:24 - starting appium server
[Android_Pixel 3a XL API 30 INFO ] 2021-01-05 11:13:49.737 ServerManager:33 - Appium server started
[Android_Pixel 3a XL API 30 INFO ] 2021-01-05 11:13:49.753 DriverManager:33 - initializing Appium driver
[Android_Pixel 3a XL API 30 INFO ] 2021-01-05 11:13:49.765 PropertyManager:17 - loading config properties
[Android_Pixel 3a XL API 30 INFO ] 2021-01-05 11:13:49.766 CapabilitiesManager:18 - getting capabilities
[Android_Pixel 3a XL API 30 INFO ] 2021-01-05 11:13:49.767 CapabilitiesManager:34 - appUrl is/Users/meralgulap/IdeaProjects/mobile-test-automation/src/test/resources/apps/Nutshell.apk
[Android_Pixel 3a XL API 30 INFO ] 2021-01-05 11:13:56.500 DriverManager:50 - Driver is initialized
[Android_Pixel 3a XL API 30 INFO ] 2021-01-05 11:31:43.679 ServerManager:24 - starting appium server
[Android_Pixel 3a XL API 30 INFO ] 2021-01-05 11:31:45.082 ServerManager:33 - Appium server started
[Android_Pixel 3a XL API 30 INFO ] 2021-01-05 11:31:45.110 DriverManager:33 - initializing Appium driver
[Android_Pixel 3a XL API 30 INFO ] 2021-01-05 11:31:45.127 PropertyManager:17 - loading config properties
[Android_Pixel 3a XL API 30 INFO ] 2021-01-05 11:31:45.128 CapabilitiesManager:18 - getting capabilities
[Android_Pixel 3a XL API 30 INFO ] 2021-01-05 11:31:45.130 CapabilitiesManager:34 - appUrl is/Users/meralgulap/IdeaProjects/mobile-test-automation/src/test/resources/apps/Nutshell.apk
[Android_Pixel 3a XL API 30 INFO ] 2021-01-05 11:32:41.934 ServerManager:24 - starting appium server
[Android_Pixel 3a XL API 30 INFO ] 2021-01-05 11:32:43.350 ServerManager:33 - Appium server started
[Android_Pixel 3a XL API 30 INFO ] 2021-01-05 11:32:43.375 DriverManager:33 - initializing Appium driver
[Android_Pixel 3a XL API 30 INFO ] 2021-01-05 11:32:43.389 PropertyManager:17 - loading config properties
[Android_Pixel 3a XL API 30 INFO ] 2021-01-05 11:32:43.390 CapabilitiesManager:18 - getting capabilities
[Android_Pixel 3a XL API 30 INFO ] 2021-01-05 11:32:43.392 CapabilitiesManager:34 - appUrl is/Users/meralgulap/IdeaProjects/mobile-test-automation/src/test/resources/apps/Nutshell.apk
[Android_Pixel 3a XL API 30 INFO ] 2021-01-05 11:33:17.127 ServerManager:24 - starting appium server
[Android_Pixel 3a XL API 30 INFO ] 2021-01-05 11:33:17.880 ServerManager:33 - Appium server started
[Android_Pixel 3a XL API 30 INFO ] 2021-01-05 11:33:17.898 DriverManager:33 - initializing Appium driver
[Android_Pixel 3a XL API 30 INFO ] 2021-01-05 11:33:17.910 PropertyManager:17 - loading config properties
[Android_Pixel 3a XL API 30 INFO ] 2021-01-05 11:33:17.911 CapabilitiesManager:18 - getting capabilities
[Android_Pixel 3a XL API 30 INFO ] 2021-01-05 11:33:17.913 CapabilitiesManager:34 - appUrl is/Users/meralgulap/IdeaProjects/mobile-test-automation/src/test/resources/apps/Nutshell.apk
[Android_Pixel 3a XL API 30 INFO ] 2021-01-05 11:33:30.515 DriverManager:50 - Driver is initialized
[Android_Pixel 3a XL API 30 INFO ] 2021-01-05 11:39:21.779 ServerManager:24 - starting appium server
[Android_Pixel 3a XL API 30 INFO ] 2021-01-05 11:39:22.512 ServerManager:33 - Appium server started
[Android_Pixel 3a XL API 30 INFO ] 2021-01-05 11:39:22.533 DriverManager:33 - initializing Appium driver
[Android_Pixel 3a XL API 30 INFO ] 2021-01-05 11:39:22.546 PropertyManager:17 - loading config properties
[Android_Pixel 3a XL API 30 INFO ] 2021-01-05 11:39:22.546 CapabilitiesManager:18 - getting capabilities
[Android_Pixel 3a XL API 30 INFO ] 2021-01-05 11:39:22.548 CapabilitiesManager:34 - appUrl is/Users/meralgulap/IdeaProjects/mobile-test-automation/src/test/resources/apps/Nutshell.apk
[Android_Pixel 3a XL API 30 INFO ] 2021-01-05 11:39:42.763 ServerManager:24 - starting appium server
[Android_Pixel 3a XL API 30 INFO ] 2021-01-05 11:39:43.504 ServerManager:33 - Appium server started
[Android_Pixel 3a XL API 30 INFO ] 2021-01-05 11:39:43.523 DriverManager:33 - initializing Appium driver
[Android_Pixel 3a XL API 30 INFO ] 2021-01-05 11:39:43.535 PropertyManager:17 - loading config properties
[Android_Pixel 3a XL API 30 INFO ] 2021-01-05 11:39:43.536 CapabilitiesManager:18 - getting capabilities
[Android_Pixel 3a XL API 30 INFO ] 2021-01-05 11:39:43.537 CapabilitiesManager:34 - appUrl is/Users/meralgulap/IdeaProjects/mobile-test-automation/src/test/resources/apps/Nutshell.apk
[Android_Pixel 3a XL API 30 INFO ] 2021-01-05 11:39:50.696 DriverManager:50 - Driver is initialized
[Android_Pixel 3a XL API 30 INFO ] 2021-01-05 11:50:07.747 ServerManager:24 - starting appium server
[Android_Pixel 3a XL API 30 INFO ] 2021-01-05 11:50:08.478 ServerManager:33 - Appium server started
[Android_Pixel 3a XL API 30 INFO ] 2021-01-05 11:50:08.498 DriverManager:33 - initializing Appium driver
[Android_Pixel 3a XL API 30 INFO ] 2021-01-05 11:50:08.511 PropertyManager:17 - loading config properties
[Android_Pixel 3a XL API 30 INFO ] 2021-01-05 11:50:08.512 CapabilitiesManager:18 - getting capabilities
[Android_Pixel 3a XL API 30 INFO ] 2021-01-05 11:50:08.514 CapabilitiesManager:34 - appUrl is/Users/meralgulap/IdeaProjects/mobile-test-automation/src/test/resources/apps/Nutshell.apk
[Android_Pixel 3a XL API 30 INFO ] 2021-01-05 11:50:23.584 ServerManager:24 - starting appium server
[Android_Pixel 3a XL API 30 INFO ] 2021-01-05 11:50:24.332 ServerManager:33 - Appium server started
[Android_Pixel 3a XL API 30 INFO ] 2021-01-05 11:50:24.352 DriverManager:33 - initializing Appium driver
[Android_Pixel 3a XL API 30 INFO ] 2021-01-05 11:50:24.366 PropertyManager:17 - loading config properties
[Android_Pixel 3a XL API 30 INFO ] 2021-01-05 11:50:24.366 CapabilitiesManager:18 - getting capabilities
[Android_Pixel 3a XL API 30 INFO ] 2021-01-05 11:50:24.368 CapabilitiesManager:34 - appUrl is/Users/meralgulap/IdeaProjects/mobile-test-automation/src/test/resources/apps/Nutshell.apk
[Android_Pixel 3a XL API 30 INFO ] 2021-01-05 11:50:31.288 DriverManager:50 - Driver is initialized
[Android_Pixel 3a XL API 30 INFO ] 2021-01-05 12:23:29.821 ServerManager:24 - starting appium server
[Android_Pixel 3a XL API 30 INFO ] 2021-01-05 12:23:30.558 ServerManager:33 - Appium server started
[Android_Pixel 3a XL API 30 INFO ] 2021-01-05 12:23:30.578 DriverManager:33 - initializing Appium driver
[Android_Pixel 3a XL API 30 INFO ] 2021-01-05 12:23:30.591 PropertyManager:17 - loading config properties
[Android_Pixel 3a XL API 30 INFO ] 2021-01-05 12:23:30.592 CapabilitiesManager:18 - getting capabilities
[Android_Pixel 3a XL API 30 INFO ] 2021-01-05 12:23:30.594 CapabilitiesManager:34 - appUrl is/Users/meralgulap/IdeaProjects/mobile-test-automation/src/test/resources/apps/Nutshell.apk
[Android_Pixel 3a XL API 30 INFO ] 2021-01-05 12:23:44.401 ServerManager:24 - starting appium server
[Android_Pixel 3a XL API 30 INFO ] 2021-01-05 12:23:45.138 ServerManager:33 - Appium server started
[Android_Pixel 3a XL API 30 INFO ] 2021-01-05 12:23:45.156 DriverManager:33 - initializing Appium driver
[Android_Pixel 3a XL API 30 INFO ] 2021-01-05 12:23:45.169 PropertyManager:17 - loading config properties
[Android_Pixel 3a XL API 30 INFO ] 2021-01-05 12:23:45.170 CapabilitiesManager:18 - getting capabilities
[Android_Pixel 3a XL API 30 INFO ] 2021-01-05 12:23:45.171 CapabilitiesManager:34 - appUrl is/Users/meralgulap/IdeaProjects/mobile-test-automation/src/test/resources/apps/Nutshell.apk
[Android_Pixel 3a XL API 30 INFO ] 2021-01-05 12:23:51.481 DriverManager:50 - Driver is initialized
[Android_Pixel 3a XL API 30 INFO ] 2021-01-05 12:28:08.005 ServerManager:24 - starting appium server
[Android_Pixel 3a XL API 30 INFO ] 2021-01-05 12:28:09.710 ServerManager:33 - Appium server started
[Android_Pixel 3a XL API 30 INFO ] 2021-01-05 12:28:09.731 DriverManager:33 - initializing Appium driver
[Android_Pixel 3a XL API 30 INFO ] 2021-01-05 12:28:09.745 PropertyManager:17 - loading config properties
[Android_Pixel 3a XL API 30 INFO ] 2021-01-05 12:28:09.747 CapabilitiesManager:18 - getting capabilities
[Android_Pixel 3a XL API 30 INFO ] 2021-01-05 12:28:09.748 CapabilitiesManager:34 - appUrl is/Users/meralgulap/IdeaProjects/mobile-test-automation/src/test/resources/apps/Nutshell.apk
[Android_Pixel 3a XL API 30 INFO ] 2021-01-05 12:28:23.461 ServerManager:24 - starting appium server
[Android_Pixel 3a XL API 30 INFO ] 2021-01-05 12:28:24.196 ServerManager:33 - Appium server started
[Android_Pixel 3a XL API 30 INFO ] 2021-01-05 12:28:24.213 DriverManager:33 - initializing Appium driver
[Android_Pixel 3a XL API 30 INFO ] 2021-01-05 12:28:24.225 PropertyManager:17 - loading config properties
[Android_Pixel 3a XL API 30 INFO ] 2021-01-05 12:28:24.226 CapabilitiesManager:18 - getting capabilities
[Android_Pixel 3a XL API 30 INFO ] 2021-01-05 12:28:24.227 CapabilitiesManager:34 - appUrl is/Users/meralgulap/IdeaProjects/mobile-test-automation/src/test/resources/apps/Nutshell.apk
[Android_Pixel 3a XL API 30 INFO ] 2021-01-05 12:28:31.112 DriverManager:50 - Driver is initialized
[Android_Pixel 3a XL API 30 INFO ] 2021-01-05 12:34:13.311 ServerManager:24 - starting appium server
[Android_Pixel 3a XL API 30 INFO ] 2021-01-05 12:34:14.688 ServerManager:33 - Appium server started
[Android_Pixel 3a XL API 30 INFO ] 2021-01-05 12:34:14.707 DriverManager:33 - initializing Appium driver
[Android_Pixel 3a XL API 30 INFO ] 2021-01-05 12:34:14.720 PropertyManager:17 - loading config properties
[Android_Pixel 3a XL API 30 INFO ] 2021-01-05 12:34:14.721 CapabilitiesManager:18 - getting capabilities
[Android_Pixel 3a XL API 30 INFO ] 2021-01-05 12:34:14.723 CapabilitiesManager:34 - appUrl is/Users/meralgulap/IdeaProjects/mobile-test-automation/src/test/resources/apps/Nutshell.apk
[Android_Pixel 3a XL API 30 INFO ] 2021-01-05 12:34:27.715 ServerManager:24 - starting appium server
[Android_Pixel 3a XL API 30 INFO ] 2021-01-05 12:34:28.451 ServerManager:33 - Appium server started
[Android_Pixel 3a XL API 30 INFO ] 2021-01-05 12:34:28.470 DriverManager:33 - initializing Appium driver
[Android_Pixel 3a XL API 30 INFO ] 2021-01-05 12:34:28.483 PropertyManager:17 - loading config properties
[Android_Pixel 3a XL API 30 INFO ] 2021-01-05 12:34:28.484 CapabilitiesManager:18 - getting capabilities
[Android_Pixel 3a XL API 30 INFO ] 2021-01-05 12:34:28.485 CapabilitiesManager:34 - appUrl is/Users/meralgulap/IdeaProjects/mobile-test-automation/src/test/resources/apps/Nutshell.apk
[Android_Pixel 3a XL API 30 INFO ] 2021-01-05 12:34:34.927 DriverManager:50 - Driver is initialized
[Android_Pixel 3a XL API 30 INFO ] 2021-01-05 12:37:35.317 ServerManager:24 - starting appium server
[Android_Pixel 3a XL API 30 INFO ] 2021-01-05 12:37:37.028 ServerManager:33 - Appium server started
[Android_Pixel 3a XL API 30 INFO ] 2021-01-05 12:37:37.046 DriverManager:33 - initializing Appium driver
[Android_Pixel 3a XL API 30 INFO ] 2021-01-05 12:37:37.059 PropertyManager:17 - loading config properties
[Android_Pixel 3a XL API 30 INFO ] 2021-01-05 12:37:37.061 CapabilitiesManager:18 - getting capabilities
[Android_Pixel 3a XL API 30 INFO ] 2021-01-05 12:37:37.062 CapabilitiesManager:34 - appUrl is/Users/meralgulap/IdeaProjects/mobile-test-automation/src/test/resources/apps/Nutshell.apk
[Android_Pixel 3a XL API 30 INFO ] 2021-01-05 12:37:51.204 ServerManager:24 - starting appium server
[Android_Pixel 3a XL API 30 INFO ] 2021-01-05 12:37:51.950 ServerManager:33 - Appium server started
[Android_Pixel 3a XL API 30 INFO ] 2021-01-05 12:37:51.970 DriverManager:33 - initializing Appium driver
[Android_Pixel 3a XL API 30 INFO ] 2021-01-05 12:37:51.983 PropertyManager:17 - loading config properties
[Android_Pixel 3a XL API 30 INFO ] 2021-01-05 12:37:51.984 CapabilitiesManager:18 - getting capabilities
[Android_Pixel 3a XL API 30 INFO ] 2021-01-05 12:37:51.986 CapabilitiesManager:34 - appUrl is/Users/meralgulap/IdeaProjects/mobile-test-automation/src/test/resources/apps/Nutshell.apk
[Android_Pixel 3a XL API 30 INFO ] 2021-01-05 12:37:59.021 DriverManager:50 - Driver is initialized
[Android_Pixel 3a XL API 30 INFO ] 2021-01-05 12:42:30.854 ServerManager:24 - starting appium server
[Android_Pixel 3a XL API 30 INFO ] 2021-01-05 12:42:32.245 ServerManager:33 - Appium server started
[Android_Pixel 3a XL API 30 INFO ] 2021-01-05 12:42:32.266 DriverManager:33 - initializing Appium driver
[Android_Pixel 3a XL API 30 INFO ] 2021-01-05 12:42:32.281 PropertyManager:17 - loading config properties
[Android_Pixel 3a XL API 30 INFO ] 2021-01-05 12:42:32.282 CapabilitiesManager:18 - getting capabilities
[Android_Pixel 3a XL API 30 INFO ] 2021-01-05 12:42:32.284 CapabilitiesManager:34 - appUrl is/Users/meralgulap/IdeaProjects/mobile-test-automation/src/test/resources/apps/Nutshell.apk
[Android_Pixel 3a XL API 30 INFO ] 2021-01-05 12:43:27.321 ServerManager:24 - starting appium server
[Android_Pixel 3a XL API 30 INFO ] 2021-01-05 12:43:28.066 ServerManager:33 - Appium server started
[Android_Pixel 3a XL API 30 INFO ] 2021-01-05 12:43:28.085 DriverManager:33 - initializing Appium driver
[Android_Pixel 3a XL API 30 INFO ] 2021-01-05 12:43:28.097 PropertyManager:17 - loading config properties
[Android_Pixel 3a XL API 30 INFO ] 2021-01-05 12:43:28.098 CapabilitiesManager:18 - getting capabilities
[Android_Pixel 3a XL API 30 INFO ] 2021-01-05 12:43:28.100 CapabilitiesManager:34 - appUrl is/Users/meralgulap/IdeaProjects/mobile-test-automation/src/test/resources/apps/Nutshell.apk
[Android_Pixel 3a XL API 30 INFO ] 2021-01-05 12:43:34.648 DriverManager:50 - Driver is initialized
[Android_Pixel 3a XL API 30 INFO ] 2021-01-05 14:32:19.284 ServerManager:24 - starting appium server
[Android_Pixel 3a XL API 30 INFO ] 2021-01-05 14:32:20.693 ServerManager:33 - Appium server started
[Android_Pixel 3a XL API 30 INFO ] 2021-01-05 14:32:20.717 DriverManager:33 - initializing Appium driver
[Android_Pixel 3a XL API 30 INFO ] 2021-01-05 14:32:20.734 PropertyManager:17 - loading config properties
[Android_Pixel 3a XL API 30 INFO ] 2021-01-05 14:32:20.735 CapabilitiesManager:18 - getting capabilities
[Android_Pixel 3a XL API 30 INFO ] 2021-01-05 14:32:20.737 CapabilitiesManager:34 - appUrl is/Users/meralgulap/IdeaProjects/mobile-test-automation/src/test/resources/apps/Nutshell.apk
