[Android_Pixel 3a XL API 30 INFO ] 2020-12-07 17:08:18.363 ServerManager:24 - starting appium server
[Android_Pixel 3a XL API 30 INFO ] 2020-12-07 17:08:20.482 ServerManager:33 - Appium server started
[Android_Pixel 3a XL API 30 INFO ] 2020-12-07 17:08:20.516 DriverManager:33 - initializing Appium driver
[Android_Pixel 3a XL API 30 INFO ] 2020-12-07 17:08:20.539 PropertyManager:17 - loading config properties
[Android_Pixel 3a XL API 30 INFO ] 2020-12-07 17:08:20.541 CapabilitiesManager:18 - getting capabilities
[Android_Pixel 3a XL API 30 INFO ] 2020-12-07 17:08:20.544 CapabilitiesManager:34 - appUrl is/Users/meralgulap/IdeaProjects/MobileAutomation_6/src/test/resources/apps/Nutshell.apk
[Android_Pixel 3a XL API 30 INFO ] 2020-12-07 17:19:44.360 ServerManager:24 - starting appium server
[Android_Pixel 3a XL API 30 INFO ] 2020-12-07 17:19:45.797 ServerManager:33 - Appium server started
[Android_Pixel 3a XL API 30 INFO ] 2020-12-07 17:19:45.825 DriverManager:33 - initializing Appium driver
[Android_Pixel 3a XL API 30 INFO ] 2020-12-07 17:19:45.843 PropertyManager:17 - loading config properties
[Android_Pixel 3a XL API 30 INFO ] 2020-12-07 17:19:45.845 CapabilitiesManager:18 - getting capabilities
[Android_Pixel 3a XL API 30 INFO ] 2020-12-07 17:19:45.846 CapabilitiesManager:34 - appUrl is/Users/meralgulap/IdeaProjects/MobileAutomation_6/src/test/resources/apps/Nutshell.apk
[Android_Pixel 3a XL API 30 INFO ] 2020-12-07 17:19:54.737 DriverManager:50 - Driver is initialized
[Android_Pixel 3a XL API 30 INFO ] 2020-12-07 17:21:39.108 ServerManager:24 - starting appium server
[Android_Pixel 3a XL API 30 INFO ] 2020-12-07 17:21:40.513 ServerManager:33 - Appium server started
[Android_Pixel 3a XL API 30 INFO ] 2020-12-07 17:21:40.537 DriverManager:33 - initializing Appium driver
[Android_Pixel 3a XL API 30 INFO ] 2020-12-07 17:21:40.552 PropertyManager:17 - loading config properties
[Android_Pixel 3a XL API 30 INFO ] 2020-12-07 17:21:40.554 CapabilitiesManager:18 - getting capabilities
[Android_Pixel 3a XL API 30 INFO ] 2020-12-07 17:21:40.555 CapabilitiesManager:34 - appUrl is/Users/meralgulap/IdeaProjects/MobileAutomation_6/src/test/resources/apps/Nutshell.apk
[Android_Pixel 3a XL API 30 INFO ] 2020-12-07 17:24:06.109 ServerManager:24 - starting appium server
[Android_Pixel 3a XL API 30 INFO ] 2020-12-07 17:24:07.170 ServerManager:33 - Appium server started
[Android_Pixel 3a XL API 30 INFO ] 2020-12-07 17:24:07.192 DriverManager:33 - initializing Appium driver
[Android_Pixel 3a XL API 30 INFO ] 2020-12-07 17:24:07.205 PropertyManager:17 - loading config properties
[Android_Pixel 3a XL API 30 INFO ] 2020-12-07 17:24:07.206 CapabilitiesManager:18 - getting capabilities
[Android_Pixel 3a XL API 30 INFO ] 2020-12-07 17:24:07.207 CapabilitiesManager:34 - appUrl is/Users/meralgulap/IdeaProjects/MobileAutomation_6/src/test/resources/apps/Nutshell.apk
[Android_Pixel 3a XL API 30 INFO ] 2020-12-07 17:24:13.781 DriverManager:50 - Driver is initialized
[Android_Pixel 3a XL API 30 INFO ] 2020-12-07 17:26:59.041 ServerManager:24 - starting appium server
[Android_Pixel 3a XL API 30 INFO ] 2020-12-07 17:27:00.438 ServerManager:33 - Appium server started
[Android_Pixel 3a XL API 30 INFO ] 2020-12-07 17:27:00.460 DriverManager:33 - initializing Appium driver
[Android_Pixel 3a XL API 30 INFO ] 2020-12-07 17:27:00.473 PropertyManager:17 - loading config properties
[Android_Pixel 3a XL API 30 INFO ] 2020-12-07 17:27:00.475 CapabilitiesManager:18 - getting capabilities
[Android_Pixel 3a XL API 30 INFO ] 2020-12-07 17:27:00.477 CapabilitiesManager:34 - appUrl is/Users/meralgulap/IdeaProjects/MobileAutomation_6/src/test/resources/apps/Nutshell.apk
[Android_Pixel 3a XL API 30 INFO ] 2020-12-07 17:27:09.622 DriverManager:50 - Driver is initialized
[Android_Pixel 3a XL API 30 INFO ] 2020-12-07 17:28:14.477 ServerManager:24 - starting appium server
[Android_Pixel 3a XL API 30 INFO ] 2020-12-07 17:28:15.899 ServerManager:33 - Appium server started
[Android_Pixel 3a XL API 30 INFO ] 2020-12-07 17:28:15.921 DriverManager:33 - initializing Appium driver
[Android_Pixel 3a XL API 30 INFO ] 2020-12-07 17:28:15.936 PropertyManager:17 - loading config properties
[Android_Pixel 3a XL API 30 INFO ] 2020-12-07 17:28:15.937 CapabilitiesManager:18 - getting capabilities
[Android_Pixel 3a XL API 30 INFO ] 2020-12-07 17:28:15.939 CapabilitiesManager:34 - appUrl is/Users/meralgulap/IdeaProjects/MobileAutomation_6/src/test/resources/apps/Nutshell.apk
[Android_Pixel 3a XL API 30 INFO ] 2020-12-07 17:28:27.102 DriverManager:50 - Driver is initialized
[Android_Pixel 3a XL API 30 INFO ] 2020-12-07 17:29:31.061 ServerManager:24 - starting appium server
[Android_Pixel 3a XL API 30 INFO ] 2020-12-07 17:29:32.453 ServerManager:33 - Appium server started
[Android_Pixel 3a XL API 30 INFO ] 2020-12-07 17:29:32.474 DriverManager:33 - initializing Appium driver
[Android_Pixel 3a XL API 30 INFO ] 2020-12-07 17:29:32.488 PropertyManager:17 - loading config properties
[Android_Pixel 3a XL API 30 INFO ] 2020-12-07 17:29:32.489 CapabilitiesManager:18 - getting capabilities
[Android_Pixel 3a XL API 30 INFO ] 2020-12-07 17:29:32.491 CapabilitiesManager:34 - appUrl is/Users/meralgulap/IdeaProjects/MobileAutomation_6/src/test/resources/apps/Nutshell.apk
[Android_Pixel 3a XL API 30 INFO ] 2020-12-07 17:29:41.557 DriverManager:50 - Driver is initialized
[Android_Pixel 3a XL API 30 INFO ] 2020-12-07 17:32:18.049 ServerManager:24 - starting appium server
[Android_Pixel 3a XL API 30 INFO ] 2020-12-07 17:32:19.118 ServerManager:33 - Appium server started
[Android_Pixel 3a XL API 30 INFO ] 2020-12-07 17:32:19.137 DriverManager:33 - initializing Appium driver
[Android_Pixel 3a XL API 30 INFO ] 2020-12-07 17:32:19.151 PropertyManager:17 - loading config properties
[Android_Pixel 3a XL API 30 INFO ] 2020-12-07 17:32:19.152 CapabilitiesManager:18 - getting capabilities
[Android_Pixel 3a XL API 30 INFO ] 2020-12-07 17:32:19.153 CapabilitiesManager:34 - appUrl is/Users/meralgulap/IdeaProjects/MobileAutomation_6/src/test/resources/apps/Nutshell.apk
[Android_Pixel 3a XL API 30 INFO ] 2020-12-07 17:32:27.138 DriverManager:50 - Driver is initialized
[Android_Pixel 3a XL API 30 INFO ] 2020-12-07 17:35:02.516 ServerManager:24 - starting appium server
[Android_Pixel 3a XL API 30 INFO ] 2020-12-07 17:35:03.905 ServerManager:33 - Appium server started
[Android_Pixel 3a XL API 30 INFO ] 2020-12-07 17:35:03.927 DriverManager:33 - initializing Appium driver
[Android_Pixel 3a XL API 30 INFO ] 2020-12-07 17:35:03.941 PropertyManager:17 - loading config properties
[Android_Pixel 3a XL API 30 INFO ] 2020-12-07 17:35:03.943 CapabilitiesManager:18 - getting capabilities
[Android_Pixel 3a XL API 30 INFO ] 2020-12-07 17:35:03.944 CapabilitiesManager:34 - appUrl is/Users/meralgulap/IdeaProjects/MobileAutomation_6/src/test/resources/apps/Nutshell.apk
[Android_Pixel 3a XL API 30 INFO ] 2020-12-07 17:35:11.864 DriverManager:50 - Driver is initialized
[Android_Pixel 3a XL API 30 INFO ] 2020-12-07 17:38:41.446 ServerManager:24 - starting appium server
[Android_Pixel 3a XL API 30 INFO ] 2020-12-07 17:38:42.873 ServerManager:33 - Appium server started
[Android_Pixel 3a XL API 30 INFO ] 2020-12-07 17:38:42.897 DriverManager:33 - initializing Appium driver
[Android_Pixel 3a XL API 30 INFO ] 2020-12-07 17:38:42.917 PropertyManager:17 - loading config properties
[Android_Pixel 3a XL API 30 INFO ] 2020-12-07 17:38:42.919 CapabilitiesManager:18 - getting capabilities
[Android_Pixel 3a XL API 30 INFO ] 2020-12-07 17:38:42.921 CapabilitiesManager:34 - appUrl is/Users/meralgulap/IdeaProjects/MobileAutomation_6/src/test/resources/apps/Nutshell.apk
[Android_Pixel 3a XL API 30 INFO ] 2020-12-07 17:38:50.768 DriverManager:50 - Driver is initialized
[Android_Pixel 3a XL API 30 INFO ] 2020-12-07 17:43:34.412 ServerManager:24 - starting appium server
[Android_Pixel 3a XL API 30 INFO ] 2020-12-07 17:43:35.832 ServerManager:33 - Appium server started
[Android_Pixel 3a XL API 30 INFO ] 2020-12-07 17:43:35.857 DriverManager:33 - initializing Appium driver
[Android_Pixel 3a XL API 30 INFO ] 2020-12-07 17:43:35.875 PropertyManager:17 - loading config properties
[Android_Pixel 3a XL API 30 INFO ] 2020-12-07 17:43:35.876 CapabilitiesManager:18 - getting capabilities
[Android_Pixel 3a XL API 30 INFO ] 2020-12-07 17:43:35.878 CapabilitiesManager:34 - appUrl is/Users/meralgulap/IdeaProjects/MobileAutomation_6/src/test/resources/apps/Nutshell.apk
[Android_Pixel 3a XL API 30 INFO ] 2020-12-07 17:43:43.911 DriverManager:50 - Driver is initialized
[Android_Pixel 3a XL API 30 INFO ] 2020-12-07 17:45:50.213 ServerManager:24 - starting appium server
[Android_Pixel 3a XL API 30 INFO ] 2020-12-07 17:45:51.630 ServerManager:33 - Appium server started
[Android_Pixel 3a XL API 30 INFO ] 2020-12-07 17:45:51.652 DriverManager:33 - initializing Appium driver
[Android_Pixel 3a XL API 30 INFO ] 2020-12-07 17:45:51.667 PropertyManager:17 - loading config properties
[Android_Pixel 3a XL API 30 INFO ] 2020-12-07 17:45:51.668 CapabilitiesManager:18 - getting capabilities
[Android_Pixel 3a XL API 30 INFO ] 2020-12-07 17:45:51.670 CapabilitiesManager:34 - appUrl is/Users/meralgulap/IdeaProjects/MobileAutomation_6/src/test/resources/apps/Nutshell.apk
[Android_Pixel 3a XL API 30 INFO ] 2020-12-07 17:45:59.456 DriverManager:50 - Driver is initialized
[Android_Pixel 3a XL API 30 INFO ] 2020-12-07 17:46:52.234 BasePage:64 - close
[Android_Pixel 3a XL API 30 INFO ] 2020-12-07 17:46:53.047 BasePage:64 - meral
[Android_Pixel 3a XL API 30 INFO ] 2020-12-07 18:01:45.904 ServerManager:24 - starting appium server
[Android_Pixel 3a XL API 30 INFO ] 2020-12-07 18:01:47.331 ServerManager:33 - Appium server started
[Android_Pixel 3a XL API 30 INFO ] 2020-12-07 18:01:47.352 DriverManager:33 - initializing Appium driver
[Android_Pixel 3a XL API 30 INFO ] 2020-12-07 18:01:47.368 PropertyManager:17 - loading config properties
[Android_Pixel 3a XL API 30 INFO ] 2020-12-07 18:01:47.370 CapabilitiesManager:18 - getting capabilities
[Android_Pixel 3a XL API 30 INFO ] 2020-12-07 18:01:47.372 CapabilitiesManager:34 - appUrl is/Users/meralgulap/IdeaProjects/MobileAutomation_6/src/test/resources/apps/Nutshell.apk
[Android_Pixel 3a XL API 30 INFO ] 2020-12-07 18:01:56.327 DriverManager:50 - Driver is initialized
[Android_Pixel 3a XL API 30 INFO ] 2020-12-07 18:02:42.498 BasePage:69 - close
[Android_Pixel 3a XL API 30 INFO ] 2020-12-07 18:02:43.196 BasePage:69 - meral
[Android_Pixel 3a XL API 30 INFO ] 2020-12-07 18:06:24.014 ServerManager:24 - starting appium server
[Android_Pixel 3a XL API 30 INFO ] 2020-12-07 18:06:25.447 ServerManager:33 - Appium server started
[Android_Pixel 3a XL API 30 INFO ] 2020-12-07 18:06:25.470 DriverManager:33 - initializing Appium driver
[Android_Pixel 3a XL API 30 INFO ] 2020-12-07 18:06:25.485 PropertyManager:17 - loading config properties
[Android_Pixel 3a XL API 30 INFO ] 2020-12-07 18:06:25.486 CapabilitiesManager:18 - getting capabilities
[Android_Pixel 3a XL API 30 INFO ] 2020-12-07 18:06:25.489 CapabilitiesManager:34 - appUrl is/Users/meralgulap/IdeaProjects/MobileAutomation_6/src/test/resources/apps/Nutshell.apk
[Android_Pixel 3a XL API 30 INFO ] 2020-12-07 18:06:33.211 DriverManager:50 - Driver is initialized
[Android_Pixel 3a XL API 30 INFO ] 2020-12-07 18:07:18.837 BasePage:69 - close
[Android_Pixel 3a XL API 30 INFO ] 2020-12-07 18:07:19.530 BasePage:69 - meral
[Android_Pixel 3a XL API 30 INFO ] 2020-12-07 18:09:00.122 ServerManager:24 - starting appium server
[Android_Pixel 3a XL API 30 INFO ] 2020-12-07 18:09:01.552 ServerManager:33 - Appium server started
[Android_Pixel 3a XL API 30 INFO ] 2020-12-07 18:09:01.572 DriverManager:33 - initializing Appium driver
[Android_Pixel 3a XL API 30 INFO ] 2020-12-07 18:09:01.587 PropertyManager:17 - loading config properties
[Android_Pixel 3a XL API 30 INFO ] 2020-12-07 18:09:01.588 CapabilitiesManager:18 - getting capabilities
[Android_Pixel 3a XL API 30 INFO ] 2020-12-07 18:09:01.590 CapabilitiesManager:34 - appUrl is/Users/meralgulap/IdeaProjects/MobileAutomation_6/src/test/resources/apps/Nutshell.apk
[Android_Pixel 3a XL API 30 INFO ] 2020-12-07 18:09:09.309 DriverManager:50 - Driver is initialized
[Android_Pixel 3a XL API 30 INFO ] 2020-12-07 18:09:53.875 BasePage:69 - close
[Android_Pixel 3a XL API 30 INFO ] 2020-12-07 18:09:54.594 BasePage:69 - meral
[Android_Pixel 3a XL API 30 INFO ] 2020-12-07 18:21:31.601 ServerManager:24 - starting appium server
[Android_Pixel 3a XL API 30 INFO ] 2020-12-07 18:21:33.022 ServerManager:33 - Appium server started
[Android_Pixel 3a XL API 30 INFO ] 2020-12-07 18:21:33.041 DriverManager:33 - initializing Appium driver
[Android_Pixel 3a XL API 30 INFO ] 2020-12-07 18:21:33.057 PropertyManager:17 - loading config properties
[Android_Pixel 3a XL API 30 INFO ] 2020-12-07 18:21:33.058 CapabilitiesManager:18 - getting capabilities
[Android_Pixel 3a XL API 30 INFO ] 2020-12-07 18:21:33.060 CapabilitiesManager:34 - appUrl is/Users/meralgulap/IdeaProjects/MobileAutomation_6/src/test/resources/apps/Nutshell.apk
[Android_Pixel 3a XL API 30 INFO ] 2020-12-07 18:21:40.917 DriverManager:50 - Driver is initialized
[Android_Pixel 3a XL API 30 INFO ] 2020-12-07 18:22:23.463 BasePage:83 - close
[Android_Pixel 3a XL API 30 INFO ] 2020-12-07 18:22:24.192 BasePage:83 - meral
[Android_Pixel 3a XL API 30 INFO ] 2020-12-07 18:26:37.733 ServerManager:24 - starting appium server
[Android_Pixel 3a XL API 30 INFO ] 2020-12-07 18:26:39.166 ServerManager:33 - Appium server started
[Android_Pixel 3a XL API 30 INFO ] 2020-12-07 18:26:39.187 DriverManager:33 - initializing Appium driver
[Android_Pixel 3a XL API 30 INFO ] 2020-12-07 18:26:39.203 PropertyManager:17 - loading config properties
[Android_Pixel 3a XL API 30 INFO ] 2020-12-07 18:26:39.204 CapabilitiesManager:18 - getting capabilities
[Android_Pixel 3a XL API 30 INFO ] 2020-12-07 18:26:39.205 CapabilitiesManager:34 - appUrl is/Users/meralgulap/IdeaProjects/MobileAutomation_6/src/test/resources/apps/Nutshell.apk
[Android_Pixel 3a XL API 30 INFO ] 2020-12-07 18:26:46.985 DriverManager:50 - Driver is initialized
[Android_Pixel 3a XL API 30 INFO ] 2020-12-07 18:27:32.876 BasePage:83 - close
[Android_Pixel 3a XL API 30 INFO ] 2020-12-07 18:27:33.628 BasePage:83 - meral
[Android_Pixel 3a XL API 30 INFO ] 2020-12-07 18:49:09.040 ServerManager:24 - starting appium server
[Android_Pixel 3a XL API 30 INFO ] 2020-12-07 18:49:10.471 ServerManager:33 - Appium server started
[Android_Pixel 3a XL API 30 INFO ] 2020-12-07 18:49:10.491 DriverManager:33 - initializing Appium driver
[Android_Pixel 3a XL API 30 INFO ] 2020-12-07 18:49:10.510 PropertyManager:17 - loading config properties
[Android_Pixel 3a XL API 30 INFO ] 2020-12-07 18:49:10.512 CapabilitiesManager:18 - getting capabilities
[Android_Pixel 3a XL API 30 INFO ] 2020-12-07 18:49:10.514 CapabilitiesManager:34 - appUrl is/Users/meralgulap/IdeaProjects/MobileAutomation_6/src/test/resources/apps/Nutshell.apk
[Android_Pixel 3a XL API 30 INFO ] 2020-12-07 18:50:05.989 ServerManager:24 - starting appium server
[Android_Pixel 3a XL API 30 INFO ] 2020-12-07 18:50:07.395 ServerManager:33 - Appium server started
[Android_Pixel 3a XL API 30 INFO ] 2020-12-07 18:50:07.416 DriverManager:33 - initializing Appium driver
[Android_Pixel 3a XL API 30 INFO ] 2020-12-07 18:50:07.433 PropertyManager:17 - loading config properties
[Android_Pixel 3a XL API 30 INFO ] 2020-12-07 18:50:07.434 CapabilitiesManager:18 - getting capabilities
[Android_Pixel 3a XL API 30 INFO ] 2020-12-07 18:50:07.436 CapabilitiesManager:34 - appUrl is/Users/meralgulap/IdeaProjects/MobileAutomation_6/src/test/resources/apps/Nutshell.apk
[Android_Pixel 3a XL API 30 INFO ] 2020-12-07 18:50:15.211 DriverManager:50 - Driver is initialized
[Android_Pixel 3a XL API 30 INFO ] 2020-12-07 18:51:05.957 ServerManager:24 - starting appium server
[Android_Pixel 3a XL API 30 INFO ] 2020-12-07 18:51:07.372 ServerManager:33 - Appium server started
[Android_Pixel 3a XL API 30 INFO ] 2020-12-07 18:51:07.389 DriverManager:33 - initializing Appium driver
[Android_Pixel 3a XL API 30 INFO ] 2020-12-07 18:51:07.407 PropertyManager:17 - loading config properties
[Android_Pixel 3a XL API 30 INFO ] 2020-12-07 18:51:07.408 CapabilitiesManager:18 - getting capabilities
[Android_Pixel 3a XL API 30 INFO ] 2020-12-07 18:51:07.410 CapabilitiesManager:34 - appUrl is/Users/meralgulap/IdeaProjects/MobileAutomation_6/src/test/resources/apps/Nutshell.apk
[Android_Pixel 3a XL API 30 INFO ] 2020-12-07 18:51:16.545 DriverManager:50 - Driver is initialized
[Android_Pixel 3a XL API 30 INFO ] 2020-12-07 18:56:30.431 ServerManager:24 - starting appium server
[Android_Pixel 3a XL API 30 INFO ] 2020-12-07 18:56:31.837 ServerManager:33 - Appium server started
[Android_Pixel 3a XL API 30 INFO ] 2020-12-07 18:56:31.856 DriverManager:33 - initializing Appium driver
[Android_Pixel 3a XL API 30 INFO ] 2020-12-07 18:56:31.873 PropertyManager:17 - loading config properties
[Android_Pixel 3a XL API 30 INFO ] 2020-12-07 18:56:31.874 CapabilitiesManager:18 - getting capabilities
[Android_Pixel 3a XL API 30 INFO ] 2020-12-07 18:56:31.876 CapabilitiesManager:34 - appUrl is/Users/meralgulap/IdeaProjects/MobileAutomation_6/src/test/resources/apps/Nutshell.apk
[Android_Pixel 3a XL API 30 INFO ] 2020-12-07 19:04:10.622 ServerManager:24 - starting appium server
[Android_Pixel 3a XL API 30 INFO ] 2020-12-07 19:04:12.036 ServerManager:33 - Appium server started
[Android_Pixel 3a XL API 30 INFO ] 2020-12-07 19:04:12.057 DriverManager:33 - initializing Appium driver
[Android_Pixel 3a XL API 30 INFO ] 2020-12-07 19:04:12.073 PropertyManager:17 - loading config properties
[Android_Pixel 3a XL API 30 INFO ] 2020-12-07 19:04:12.074 CapabilitiesManager:18 - getting capabilities
[Android_Pixel 3a XL API 30 INFO ] 2020-12-07 19:04:12.076 CapabilitiesManager:34 - appUrl is/Users/meralgulap/IdeaProjects/MobileAutomation_6/src/test/resources/apps/Nutshell.apk
[Android_Pixel 3a XL API 30 INFO ] 2020-12-07 19:04:18.819 DriverManager:50 - Driver is initialized
[Android_Pixel 3a XL API 30 INFO ] 2020-12-07 19:05:22.423 ServerManager:24 - starting appium server
[Android_Pixel 3a XL API 30 INFO ] 2020-12-07 19:05:23.844 ServerManager:33 - Appium server started
[Android_Pixel 3a XL API 30 INFO ] 2020-12-07 19:05:23.864 DriverManager:33 - initializing Appium driver
[Android_Pixel 3a XL API 30 INFO ] 2020-12-07 19:05:23.881 PropertyManager:17 - loading config properties
[Android_Pixel 3a XL API 30 INFO ] 2020-12-07 19:05:23.881 CapabilitiesManager:18 - getting capabilities
[Android_Pixel 3a XL API 30 INFO ] 2020-12-07 19:05:23.883 CapabilitiesManager:34 - appUrl is/Users/meralgulap/IdeaProjects/MobileAutomation_6/src/test/resources/apps/Nutshell.apk
[Android_Pixel 3a XL API 30 INFO ] 2020-12-07 19:05:30.729 DriverManager:50 - Driver is initialized
[Android_Pixel 3a XL API 30 INFO ] 2020-12-07 19:06:04.289 BasePage:83 - close
[Android_Pixel 3a XL API 30 INFO ] 2020-12-07 19:07:53.207 ServerManager:24 - starting appium server
[Android_Pixel 3a XL API 30 INFO ] 2020-12-07 19:07:54.617 ServerManager:33 - Appium server started
[Android_Pixel 3a XL API 30 INFO ] 2020-12-07 19:07:54.639 DriverManager:33 - initializing Appium driver
[Android_Pixel 3a XL API 30 INFO ] 2020-12-07 19:07:54.657 PropertyManager:17 - loading config properties
[Android_Pixel 3a XL API 30 INFO ] 2020-12-07 19:07:54.658 CapabilitiesManager:18 - getting capabilities
[Android_Pixel 3a XL API 30 INFO ] 2020-12-07 19:07:54.661 CapabilitiesManager:34 - appUrl is/Users/meralgulap/IdeaProjects/MobileAutomation_6/src/test/resources/apps/Nutshell.apk
[Android_Pixel 3a XL API 30 INFO ] 2020-12-07 19:08:01.465 DriverManager:50 - Driver is initialized
[Android_Pixel 3a XL API 30 INFO ] 2020-12-07 19:08:33.490 BasePage:83 - close
