[Android_Pixel_2 INFO ] 2020-12-11 09:13:03.459 ServerManager:24 - starting appium server
[Android_Pixel_2 INFO ] 2020-12-11 09:13:05.194 ServerManager:33 - Appium server started
[Android_Pixel_2 INFO ] 2020-12-11 09:13:05.222 DriverManager:33 - initializing Appium driver
[Android_Pixel_2 INFO ] 2020-12-11 09:13:05.238 PropertyManager:17 - loading config properties
[Android_Pixel_2 INFO ] 2020-12-11 09:13:05.239 CapabilitiesManager:18 - getting capabilities
[Android_Pixel_2 INFO ] 2020-12-11 09:13:05.241 CapabilitiesManager:34 - appUrl is/Users/meralgulap/IdeaProjects/mobile-test-automation/src/test/resources/apps/Nutshell.apk
[Android_Pixel_2 INFO ] 2020-12-11 09:13:17.795 DriverManager:50 - Driver is initialized
[Android_Pixel_2 INFO ] 2020-12-11 09:14:07.822 BasePage:84 - close
[Android_Pixel_2 INFO ] 2020-12-11 09:26:10.386 ServerManager:24 - starting appium server
[Android_Pixel_2 INFO ] 2020-12-11 09:26:11.134 ServerManager:33 - Appium server started
[Android_Pixel_2 INFO ] 2020-12-11 09:26:11.152 DriverManager:33 - initializing Appium driver
[Android_Pixel_2 INFO ] 2020-12-11 09:26:11.165 PropertyManager:17 - loading config properties
[Android_Pixel_2 INFO ] 2020-12-11 09:26:11.166 CapabilitiesManager:18 - getting capabilities
[Android_Pixel_2 INFO ] 2020-12-11 09:26:11.168 CapabilitiesManager:34 - appUrl is/Users/meralgulap/IdeaProjects/mobile-test-automation/src/test/resources/apps/Nutshell.apk
[Android_Pixel_2 INFO ] 2020-12-11 09:26:30.802 ServerManager:24 - starting appium server
[Android_Pixel_2 INFO ] 2020-12-11 09:26:31.874 ServerManager:33 - Appium server started
[Android_Pixel_2 INFO ] 2020-12-11 09:26:31.893 DriverManager:33 - initializing Appium driver
[Android_Pixel_2 INFO ] 2020-12-11 09:26:31.906 PropertyManager:17 - loading config properties
[Android_Pixel_2 INFO ] 2020-12-11 09:26:31.907 CapabilitiesManager:18 - getting capabilities
[Android_Pixel_2 INFO ] 2020-12-11 09:26:31.909 CapabilitiesManager:34 - appUrl is/Users/meralgulap/IdeaProjects/mobile-test-automation/src/test/resources/apps/Nutshell.apk
[Android_Pixel_2 INFO ] 2020-12-11 09:26:39.792 DriverManager:50 - Driver is initialized
[Android_Pixel_2 INFO ] 2020-12-11 09:27:20.973 BasePage:84 - close
[Android_Pixel_2 INFO ] 2020-12-11 10:29:07.212 ServerManager:24 - starting appium server
[Android_Pixel_2 INFO ] 2020-12-11 10:29:08.607 ServerManager:33 - Appium server started
[Android_Pixel_2 INFO ] 2020-12-11 10:29:08.631 DriverManager:33 - initializing Appium driver
[Android_Pixel_2 INFO ] 2020-12-11 10:29:08.645 PropertyManager:17 - loading config properties
[Android_Pixel_2 INFO ] 2020-12-11 10:29:08.647 CapabilitiesManager:18 - getting capabilities
[Android_Pixel_2 INFO ] 2020-12-11 10:29:08.648 CapabilitiesManager:34 - appUrl is/Users/meralgulap/IdeaProjects/mobile-test-automation/src/test/resources/apps/Nutshell.apk
[Android_Pixel_2 INFO ] 2020-12-11 10:29:26.736 ServerManager:24 - starting appium server
[Android_Pixel_2 INFO ] 2020-12-11 10:29:28.128 ServerManager:33 - Appium server started
[Android_Pixel_2 INFO ] 2020-12-11 10:29:28.149 DriverManager:33 - initializing Appium driver
[Android_Pixel_2 INFO ] 2020-12-11 10:29:28.163 PropertyManager:17 - loading config properties
[Android_Pixel_2 INFO ] 2020-12-11 10:29:28.164 CapabilitiesManager:18 - getting capabilities
[Android_Pixel_2 INFO ] 2020-12-11 10:29:28.166 CapabilitiesManager:34 - appUrl is/Users/meralgulap/IdeaProjects/mobile-test-automation/src/test/resources/apps/Nutshell.apk
[Android_Pixel_2 INFO ] 2020-12-11 10:29:35.534 DriverManager:50 - Driver is initialized
[Android_Pixel_2 INFO ] 2020-12-11 11:21:41.204 ServerManager:24 - starting appium server
[Android_Pixel_2 INFO ] 2020-12-11 11:21:42.616 ServerManager:33 - Appium server started
[Android_Pixel_2 INFO ] 2020-12-11 11:21:42.636 DriverManager:33 - initializing Appium driver
[Android_Pixel_2 INFO ] 2020-12-11 11:21:42.649 PropertyManager:17 - loading config properties
[Android_Pixel_2 INFO ] 2020-12-11 11:21:42.651 CapabilitiesManager:18 - getting capabilities
[Android_Pixel_2 INFO ] 2020-12-11 11:21:42.653 CapabilitiesManager:34 - appUrl is/Users/meralgulap/IdeaProjects/mobile-test-automation/src/test/resources/apps/Nutshell.apk
[Android_Pixel_2 INFO ] 2020-12-11 11:22:19.835 ServerManager:24 - starting appium server
[Android_Pixel_2 INFO ] 2020-12-11 11:22:20.918 ServerManager:33 - Appium server started
[Android_Pixel_2 INFO ] 2020-12-11 11:22:20.942 DriverManager:33 - initializing Appium driver
[Android_Pixel_2 INFO ] 2020-12-11 11:22:20.957 PropertyManager:17 - loading config properties
[Android_Pixel_2 INFO ] 2020-12-11 11:22:20.958 CapabilitiesManager:18 - getting capabilities
[Android_Pixel_2 INFO ] 2020-12-11 11:22:20.960 CapabilitiesManager:34 - appUrl is/Users/meralgulap/IdeaProjects/mobile-test-automation/src/test/resources/apps/Nutshell.apk
[Android_Pixel_2 INFO ] 2020-12-11 11:22:28.626 DriverManager:50 - Driver is initialized
[Android_Pixel_2 INFO ] 2020-12-11 11:23:10.352 BasePage:84 - close
[Android_Pixel_2 INFO ] 2020-12-11 11:50:32.931 ServerManager:24 - starting appium server
[Android_Pixel_2 INFO ] 2020-12-11 11:50:34.675 ServerManager:33 - Appium server started
[Android_Pixel_2 INFO ] 2020-12-11 11:50:34.697 DriverManager:33 - initializing Appium driver
[Android_Pixel_2 INFO ] 2020-12-11 11:50:34.713 PropertyManager:17 - loading config properties
[Android_Pixel_2 INFO ] 2020-12-11 11:50:34.715 CapabilitiesManager:18 - getting capabilities
[Android_Pixel_2 INFO ] 2020-12-11 11:50:34.716 CapabilitiesManager:34 - appUrl is/Users/meralgulap/IdeaProjects/mobile-test-automation/src/test/resources/apps/Nutshell.apk
[Android_Pixel_2 INFO ] 2020-12-11 11:50:48.316 ServerManager:24 - starting appium server
[Android_Pixel_2 INFO ] 2020-12-11 11:50:49.391 ServerManager:33 - Appium server started
[Android_Pixel_2 INFO ] 2020-12-11 11:50:49.416 DriverManager:33 - initializing Appium driver
[Android_Pixel_2 INFO ] 2020-12-11 11:50:49.434 PropertyManager:17 - loading config properties
[Android_Pixel_2 INFO ] 2020-12-11 11:50:49.435 CapabilitiesManager:18 - getting capabilities
[Android_Pixel_2 INFO ] 2020-12-11 11:50:49.437 CapabilitiesManager:34 - appUrl is/Users/meralgulap/IdeaProjects/mobile-test-automation/src/test/resources/apps/Nutshell.apk
[Android_Pixel_2 INFO ] 2020-12-11 11:50:58.127 DriverManager:50 - Driver is initialized
[Android_Pixel_2 INFO ] 2020-12-11 11:51:42.932 BasePage:84 - close
